{"/Users/bilson/Downloads/airlab-technical-challenge-frontend/backend/src/routes/trajectory-routes.ts": {"path":"/Users/bilson/Downloads/airlab-technical-challenge-frontend/backend/src/routes/trajectory-routes.ts","statementMap":{"0":{"start":{"line":1,"column":0},"end":{"line":1,"column":53}},"1":{"start":{"line":2,"column":0},"end":{"line":2,"column":null}},"2":{"start":{"line":7,"column":15},"end":{"line":7,"column":31}},"3":{"start":{"line":9,"column":0},"end":{"line":39,"column":3}},"4":{"start":{"line":10,"column":53},"end":{"line":10,"column":62}},"5":{"start":{"line":12,"column":14},"end":{"line":12,"column":34}},"6":{"start":{"line":14,"column":19},"end":{"line":36,"column":4}},"7":{"start":{"line":16,"column":6},"end":{"line":16,"column":65}},"8":{"start":{"line":17,"column":24},"end":{"line":17,"column":79}},"9":{"start":{"line":19,"column":22},"end":{"line":19,"column":26}},"10":{"start":{"line":20,"column":4},"end":{"line":33,"column":5}},"11":{"start":{"line":21,"column":23},"end":{"line":21,"column":64}},"12":{"start":{"line":22,"column":21},"end":{"line":22,"column":58}},"13":{"start":{"line":24,"column":28},"end":{"line":24,"column":45}},"14":{"start":{"line":25,"column":27},"end":{"line":25,"column":68}},"15":{"start":{"line":30,"column":6},"end":{"line":32,"column":53}},"16":{"start":{"line":35,"column":4},"end":{"line":35,"column":53}},"17":{"start":{"line":38,"column":2},"end":{"line":38,"column":21}},"18":{"start":{"line":41,"column":0},"end":{"line":44,"column":3}},"19":{"start":{"line":42,"column":19},"end":{"line":42,"column":35}},"20":{"start":{"line":43,"column":2},"end":{"line":43,"column":21}},"21":{"start":{"line":46,"column":0},"end":{"line":46,"column":22}}},"fnMap":{"0":{"name":"(anonymous_1)","decl":{"start":{"line":9,"column":16},"end":{"line":9,"column":17}},"loc":{"start":{"line":9,"column":48},"end":{"line":39,"column":1}}},"1":{"name":"(anonymous_2)","decl":{"start":{"line":14,"column":30},"end":{"line":14,"column":31}},"loc":{"start":{"line":14,"column":39},"end":{"line":36,"column":3}}},"2":{"name":"(anonymous_3)","decl":{"start":{"line":41,"column":24},"end":{"line":41,"column":25}},"loc":{"start":{"line":41,"column":56},"end":{"line":44,"column":1}}}},"branchMap":{"0":{"loc":{"start":{"line":16,"column":6},"end":{"line":16,"column":65}},"type":"binary-expr","locations":[{"start":{"line":16,"column":6},"end":{"line":16,"column":16}},{"start":{"line":16,"column":20},"end":{"line":16,"column":65}}]},"1":{"loc":{"start":{"line":17,"column":24},"end":{"line":17,"column":79}},"type":"binary-expr","locations":[{"start":{"line":17,"column":24},"end":{"line":17,"column":32}},{"start":{"line":17,"column":36},"end":{"line":17,"column":79}}]},"2":{"loc":{"start":{"line":20,"column":4},"end":{"line":33,"column":5}},"type":"if","locations":[{"start":{"line":20,"column":4},"end":{"line":33,"column":5}}]},"3":{"loc":{"start":{"line":20,"column":8},"end":{"line":20,"column":28}},"type":"binary-expr","locations":[{"start":{"line":20,"column":8},"end":{"line":20,"column":17}},{"start":{"line":20,"column":21},"end":{"line":20,"column":28}}]},"4":{"loc":{"start":{"line":21,"column":23},"end":{"line":21,"column":64}},"type":"cond-expr","locations":[{"start":{"line":21,"column":35},"end":{"line":21,"column":52}},{"start":{"line":21,"column":55},"end":{"line":21,"column":64}}]},"5":{"loc":{"start":{"line":22,"column":21},"end":{"line":22,"column":58}},"type":"cond-expr","locations":[{"start":{"line":22,"column":31},"end":{"line":22,"column":46}},{"start":{"line":22,"column":49},"end":{"line":22,"column":58}}]},"6":{"loc":{"start":{"line":31,"column":8},"end":{"line":32,"column":52}},"type":"binary-expr","locations":[{"start":{"line":31,"column":9},"end":{"line":31,"column":16}},{"start":{"line":31,"column":20},"end":{"line":31,"column":48}},{"start":{"line":32,"column":9},"end":{"line":32,"column":18}},{"start":{"line":32,"column":22},"end":{"line":32,"column":51}}]},"7":{"loc":{"start":{"line":35,"column":11},"end":{"line":35,"column":52}},"type":"binary-expr","locations":[{"start":{"line":35,"column":11},"end":{"line":35,"column":22}},{"start":{"line":35,"column":26},"end":{"line":35,"column":37}},{"start":{"line":35,"column":41},"end":{"line":35,"column":52}}]}},"s":{"0":1,"1":1,"2":1,"3":1,"4":5,"5":5,"6":5,"7":10,"8":10,"9":10,"10":10,"11":4,"12":4,"13":4,"14":4,"15":4,"16":10,"17":5,"18":1,"19":1,"20":1,"21":1},"f":{"0":5,"1":10,"2":1},"b":{"0":[10,4],"1":[10,4],"2":[4],"3":[10,6],"4":[4,0],"5":[2,2],"6":[4,2,3,3],"7":[10,8,7]}}
,"/Users/bilson/Downloads/airlab-technical-challenge-frontend/backend/src/services/trajectory-service.ts": {"path":"/Users/bilson/Downloads/airlab-technical-challenge-frontend/backend/src/services/trajectory-service.ts","statementMap":{"0":{"start":{"line":1,"column":0},"end":{"line":1,"column":20}},"1":{"start":{"line":2,"column":0},"end":{"line":2,"column":32}},"2":{"start":{"line":3,"column":0},"end":{"line":3,"column":24}},"3":{"start":{"line":4,"column":0},"end":{"line":4,"column":96}},"4":{"start":{"line":6,"column":33},"end":{"line":6,"column":35}},"5":{"start":{"line":8,"column":32},"end":{"line":31,"column":1}},"6":{"start":{"line":9,"column":19},"end":{"line":9,"column":75}},"7":{"start":{"line":10,"column":21},"end":{"line":10,"column":50}},"8":{"start":{"line":12,"column":13},"end":{"line":15,"column":4}},"9":{"start":{"line":17,"column":2},"end":{"line":29,"column":3}},"10":{"start":{"line":18,"column":4},"end":{"line":28,"column":5}},"11":{"start":{"line":19,"column":21},"end":{"line":19,"column":37}},"12":{"start":{"line":20,"column":21},"end":{"line":20,"column":55}},"13":{"start":{"line":21,"column":6},"end":{"line":25,"column":7}},"14":{"start":{"line":22,"column":8},"end":{"line":22,"column":39}},"15":{"start":{"line":24,"column":8},"end":{"line":24,"column":52}},"16":{"start":{"line":27,"column":6},"end":{"line":27,"column":48}},"17":{"start":{"line":30,"column":2},"end":{"line":30,"column":60}},"18":{"start":{"line":8,"column":13},"end":{"line":8,"column":32}},"19":{"start":{"line":33,"column":34},"end":{"line":35,"column":1}},"20":{"start":{"line":34,"column":2},"end":{"line":34,"column":22}},"21":{"start":{"line":33,"column":13},"end":{"line":33,"column":34}},"22":{"start":{"line":37,"column":30},"end":{"line":71,"column":3}},"23":{"start":{"line":38,"column":21},"end":{"line":38,"column":48}},"24":{"start":{"line":40,"column":2},"end":{"line":68,"column":5}},"25":{"start":{"line":41,"column":4},"end":{"line":53,"column":5}},"26":{"start":{"line":42,"column":6},"end":{"line":46,"column":9}},"27":{"start":{"line":48,"column":22},"end":{"line":48,"column":54}},"28":{"start":{"line":49,"column":6},"end":{"line":49,"column":22}},"29":{"start":{"line":50,"column":6},"end":{"line":52,"column":7}},"30":{"start":{"line":51,"column":8},"end":{"line":51,"column":40}},"31":{"start":{"line":55,"column":4},"end":{"line":67,"column":5}},"32":{"start":{"line":56,"column":6},"end":{"line":60,"column":9}},"33":{"start":{"line":62,"column":22},"end":{"line":62,"column":54}},"34":{"start":{"line":63,"column":6},"end":{"line":63,"column":22}},"35":{"start":{"line":64,"column":6},"end":{"line":66,"column":7}},"36":{"start":{"line":65,"column":8},"end":{"line":65,"column":40}},"37":{"start":{"line":70,"column":2},"end":{"line":70,"column":86}},"38":{"start":{"line":70,"column":56},"end":{"line":70,"column":84}},"39":{"start":{"line":37,"column":13},"end":{"line":37,"column":30}}},"fnMap":{"0":{"name":"(anonymous_1)","decl":{"start":{"line":8,"column":32},"end":{"line":8,"column":37}},"loc":{"start":{"line":8,"column":43},"end":{"line":31,"column":1}}},"1":{"name":"(anonymous_2)","decl":{"start":{"line":33,"column":34},"end":{"line":33,"column":37}},"loc":{"start":{"line":33,"column":39},"end":{"line":35,"column":1}}},"2":{"name":"(anonymous_3)","decl":{"start":{"line":37,"column":30},"end":{"line":37,"column":33}},"loc":{"start":{"line":37,"column":35},"end":{"line":71,"column":3}}},"3":{"name":"(anonymous_4)","decl":{"start":{"line":40,"column":23},"end":{"line":40,"column":33}},"loc":{"start":{"line":40,"column":36},"end":{"line":68,"column":3}}},"4":{"name":"(anonymous_5)","decl":{"start":{"line":70,"column":46},"end":{"line":70,"column":47}},"loc":{"start":{"line":70,"column":56},"end":{"line":70,"column":84}}}},"branchMap":{"0":{"loc":{"start":{"line":21,"column":6},"end":{"line":25,"column":7}},"type":"if","locations":[{"start":{"line":21,"column":6},"end":{"line":25,"column":7}},{"start":{"line":23,"column":13},"end":{"line":25,"column":7}}]},"1":{"loc":{"start":{"line":41,"column":4},"end":{"line":53,"column":5}},"type":"if","locations":[{"start":{"line":41,"column":4},"end":{"line":53,"column":5}},{"start":{"line":47,"column":11},"end":{"line":53,"column":5}}]},"2":{"loc":{"start":{"line":50,"column":6},"end":{"line":52,"column":7}},"type":"if","locations":[{"start":{"line":50,"column":6},"end":{"line":52,"column":7}}]},"3":{"loc":{"start":{"line":55,"column":4},"end":{"line":67,"column":5}},"type":"if","locations":[{"start":{"line":55,"column":4},"end":{"line":67,"column":5}},{"start":{"line":61,"column":11},"end":{"line":67,"column":5}}]},"4":{"loc":{"start":{"line":64,"column":6},"end":{"line":66,"column":7}},"type":"if","locations":[{"start":{"line":64,"column":6},"end":{"line":66,"column":7}}]}},"s":{"0":2,"1":2,"2":2,"3":2,"4":2,"5":2,"6":1,"7":1,"8":1,"9":1,"10":4,"11":4,"12":4,"13":4,"14":3,"15":1,"16":0,"17":1,"18":2,"19":2,"20":1,"21":2,"22":2,"23":1,"24":1,"25":3,"26":1,"27":2,"28":2,"29":2,"30":1,"31":3,"32":2,"33":1,"34":1,"35":1,"36":0,"37":1,"38":3,"39":2},"f":{"0":1,"1":1,"2":1,"3":3,"4":3},"b":{"0":[3,1],"1":[1,2],"2":[1],"3":[2,1],"4":[0]}}
,"/Users/bilson/Downloads/airlab-technical-challenge-frontend/backend/src/types/trajectory-types.ts": {"path":"/Users/bilson/Downloads/airlab-technical-challenge-frontend/backend/src/types/trajectory-types.ts","statementMap":{"0":{"start":{"line":1,"column":0},"end":{"line":1,"column":24}},"1":{"start":{"line":3,"column":13},"end":{"line":9,"column":3}},"2":{"start":{"line":11,"column":13},"end":{"line":16,"column":3}},"3":{"start":{"line":21,"column":0},"end":{"line":21,"column":null}},"4":{"start":{"line":22,"column":2},"end":{"line":22,"column":null}},"5":{"start":{"line":23,"column":2},"end":{"line":23,"column":null}},"6":{"start":{"line":24,"column":2},"end":{"line":24,"column":null}}},"fnMap":{"0":{"name":"(anonymous_0)","decl":{"start":{"line":21,"column":0},"end":{"line":21,"column":12}},"loc":{"start":{"line":21,"column":23},"end":{"line":25,"column":1}}}},"branchMap":{"0":{"loc":{"start":{"line":21,"column":12},"end":{"line":21,"column":null}},"type":"binary-expr","locations":[{"start":{"line":21,"column":12},"end":{"line":21,"column":23}},{"start":{"line":21,"column":23},"end":{"line":21,"column":null}}]}},"s":{"0":2,"1":2,"2":2,"3":2,"4":2,"5":2,"6":2},"f":{"0":2},"b":{"0":[2,2]}}
}
