TN:
SF:src/routes/trajectory-routes.ts
FN:9,(anonymous_1)
FN:14,(anonymous_2)
FN:41,(anonymous_3)
FNF:3
FNH:3
FNDA:5,(anonymous_1)
FNDA:10,(anonymous_2)
FNDA:1,(anonymous_3)
DA:1,1
DA:2,1
DA:7,1
DA:9,1
DA:10,5
DA:12,5
DA:14,5
DA:16,10
DA:17,10
DA:19,10
DA:20,10
DA:21,4
DA:22,4
DA:24,4
DA:25,4
DA:30,4
DA:35,10
DA:38,5
DA:41,1
DA:42,1
DA:43,1
DA:46,1
LF:22
LH:22
BRDA:16,0,0,10
BRDA:16,0,1,4
BRDA:17,1,0,10
BRDA:17,1,1,4
BRDA:20,2,0,4
BRDA:20,3,0,10
BRDA:20,3,1,6
BRDA:21,4,0,4
BRDA:21,4,1,0
BRDA:22,5,0,2
BRDA:22,5,1,2
BRDA:31,6,0,4
BRDA:31,6,1,2
BRDA:31,6,2,3
BRDA:31,6,3,3
BRDA:35,7,0,10
BRDA:35,7,1,8
BRDA:35,7,2,7
BRF:18
BRH:17
end_of_record
TN:
SF:src/services/trajectory-service.ts
FN:8,(anonymous_1)
FN:33,(anonymous_2)
FN:37,(anonymous_3)
FN:40,(anonymous_4)
FN:70,(anonymous_5)
FNF:5
FNH:5
FNDA:1,(anonymous_1)
FNDA:1,(anonymous_2)
FNDA:1,(anonymous_3)
FNDA:3,(anonymous_4)
FNDA:3,(anonymous_5)
DA:1,2
DA:2,2
DA:3,2
DA:4,2
DA:6,2
DA:8,2
DA:9,1
DA:10,1
DA:12,1
DA:17,1
DA:18,4
DA:19,4
DA:20,4
DA:21,4
DA:22,3
DA:24,1
DA:27,0
DA:30,1
DA:33,2
DA:34,1
DA:37,2
DA:38,1
DA:40,1
DA:41,3
DA:42,1
DA:48,2
DA:49,2
DA:50,2
DA:51,1
DA:55,3
DA:56,2
DA:62,1
DA:63,1
DA:64,1
DA:65,0
DA:70,3
LF:36
LH:34
BRDA:21,0,0,3
BRDA:21,0,1,1
BRDA:41,1,0,1
BRDA:41,1,1,2
BRDA:50,2,0,1
BRDA:55,3,0,2
BRDA:55,3,1,1
BRDA:64,4,0,0
BRF:8
BRH:7
end_of_record
TN:
SF:src/types/trajectory-types.ts
FN:21,(anonymous_0)
FNF:1
FNH:1
FNDA:2,(anonymous_0)
DA:1,2
DA:3,2
DA:11,2
DA:21,2
DA:22,2
DA:23,2
DA:24,2
LF:7
LH:7
BRDA:21,0,0,2
BRDA:21,0,1,2
BRF:2
BRH:2
end_of_record
